
*** Running vivado
    with args -log top.vds -m64 -product Vivado -mode batch -messageDb vivado.pb -notrace -source top.tcl


ECHO is off.
ECHO is off.

****** Vivado v2023.1 (64-bit)
  **** SW Build 3865809 on Sun May  7 15:05:29 MDT 2023
  **** IP Build 3864474 on Sun May  7 20:36:21 MDT 2023
  **** SharedData Build 3865790 on Sun May 07 13:33:03 MDT 2023
    ** Copyright 1986-2022 Xilinx, Inc. All Rights Reserved.
    ** Copyright 2022-2023 Advanced Micro Devices, Inc. All Rights Reserved.

source top.tcl -notrace
create_project: Time (s): cpu = 00:00:09 ; elapsed = 00:00:13 . Memory (MB): peak = 429.000 ; gain = 161.492
Command: read_checkpoint -auto_incremental -incremental {C:/Users/Nivriti/Desktop/University/Semester 4/Advanced logic design/work_please/work_please.srcs/utils_1/imports/synth_1/top.dcp}
INFO: [Vivado 12-5825] Read reference checkpoint from C:/Users/Nivriti/Desktop/University/Semester 4/Advanced logic design/work_please/work_please.srcs/utils_1/imports/synth_1/top.dcp for incremental synthesis
INFO: [Vivado 12-7989] Please ensure there are no constraint changes
Command: synth_design -top top -part xc7a100tcsg324-1
Starting synth_design
Attempting to get a license for feature 'Synthesis' and/or device 'xc7a100t'
INFO: [Common 17-349] Got license for feature 'Synthesis' and/or device 'xc7a100t'
INFO: [Device 21-403] Loading part xc7a100tcsg324-1
INFO: [Designutils 20-5440] No compile time benefit to using incremental synthesis; A full resynthesis will be run
INFO: [Designutils 20-4379] Flow is switching to default flow due to incremental criteria not met. If you would like to alter this behaviour and have the flow terminate instead, please set the following parameter config_implementation {autoIncr.Synth.RejectBehavior Terminate}
INFO: [Synth 8-7079] Multithreading enabled for synth_design using a maximum of 2 processes.
INFO: [Synth 8-7078] Launching helper process for spawning children vivado processes
INFO: [Synth 8-7075] Helper process launched with PID 4424
---------------------------------------------------------------------------------
Starting RTL Elaboration : Time (s): cpu = 00:00:09 ; elapsed = 00:00:14 . Memory (MB): peak = 1278.363 ; gain = 412.016
---------------------------------------------------------------------------------
INFO: [Synth 8-638] synthesizing module 'top' [C:/Users/Nivriti/Desktop/University/Semester 4/Advanced logic design/work_please/work_please.srcs/sources_1/new/top.vhd:43]
INFO: [Synth 8-3491] module 'instruction_fetch_stage' declared at 'C:/Users/Nivriti/Desktop/University/Semester 4/Advanced logic design/work_please/work_please.srcs/sources_1/new/instruction_fetch.vhd:36' bound to instance 'if_stage' of component 'instruction_fetch_stage' [C:/Users/Nivriti/Desktop/University/Semester 4/Advanced logic design/work_please/work_please.srcs/sources_1/new/top.vhd:196]
INFO: [Synth 8-638] synthesizing module 'instruction_fetch_stage' [C:/Users/Nivriti/Desktop/University/Semester 4/Advanced logic design/work_please/work_please.srcs/sources_1/new/instruction_fetch.vhd:45]
INFO: [Synth 8-3491] module 'program_counter' declared at 'C:/Users/Nivriti/Desktop/University/Semester 4/Advanced logic design/work_please/work_please.srcs/sources_1/new/program_counter.vhd:31' bound to instance 'ifs_pc' of component 'program_counter' [C:/Users/Nivriti/Desktop/University/Semester 4/Advanced logic design/work_please/work_please.srcs/sources_1/new/instruction_fetch.vhd:74]
INFO: [Synth 8-638] synthesizing module 'program_counter' [C:/Users/Nivriti/Desktop/University/Semester 4/Advanced logic design/work_please/work_please.srcs/sources_1/new/program_counter.vhd:38]
INFO: [Synth 8-256] done synthesizing module 'program_counter' (0#1) [C:/Users/Nivriti/Desktop/University/Semester 4/Advanced logic design/work_please/work_please.srcs/sources_1/new/program_counter.vhd:38]
INFO: [Synth 8-3491] module 'instruction_memory' declared at 'C:/Users/Nivriti/Desktop/University/Semester 4/Advanced logic design/work_please/work_please.runs/synth_1/.Xil/Vivado-11524-DESKTOP-6NMN34L/realtime/instruction_memory_stub.vhdl:6' bound to instance 'ifs_mem' of component 'instruction_memory' [C:/Users/Nivriti/Desktop/University/Semester 4/Advanced logic design/work_please/work_please.srcs/sources_1/new/instruction_fetch.vhd:79]
INFO: [Synth 8-638] synthesizing module 'instruction_memory' [C:/Users/Nivriti/Desktop/University/Semester 4/Advanced logic design/work_please/work_please.runs/synth_1/.Xil/Vivado-11524-DESKTOP-6NMN34L/realtime/instruction_memory_stub.vhdl:17]
INFO: [Synth 8-3491] module 'sign_extention_pc_1' declared at 'C:/Users/Nivriti/Desktop/University/Semester 4/Advanced logic design/work_please/work_please.srcs/sources_1/new/sign_extention_pc_1.vhd:34' bound to instance 'pc_sign_extension' of component 'sign_extention_pc_1' [C:/Users/Nivriti/Desktop/University/Semester 4/Advanced logic design/work_please/work_please.srcs/sources_1/new/instruction_fetch.vhd:87]
INFO: [Synth 8-638] synthesizing module 'sign_extention_pc_1' [C:/Users/Nivriti/Desktop/University/Semester 4/Advanced logic design/work_please/work_please.srcs/sources_1/new/sign_extention_pc_1.vhd:42]
INFO: [Synth 8-256] done synthesizing module 'sign_extention_pc_1' (0#1) [C:/Users/Nivriti/Desktop/University/Semester 4/Advanced logic design/work_please/work_please.srcs/sources_1/new/sign_extention_pc_1.vhd:42]
WARNING: [Synth 8-614] signal 'branch_condition' is read in the process but is not in the sensitivity list [C:/Users/Nivriti/Desktop/University/Semester 4/Advanced logic design/work_please/work_please.srcs/sources_1/new/instruction_fetch.vhd:95]
INFO: [Synth 8-256] done synthesizing module 'instruction_fetch_stage' (0#1) [C:/Users/Nivriti/Desktop/University/Semester 4/Advanced logic design/work_please/work_please.srcs/sources_1/new/instruction_fetch.vhd:45]
INFO: [Synth 8-3491] module 'instruction_decode' declared at 'C:/Users/Nivriti/Desktop/University/Semester 4/Advanced logic design/work_please/work_please.srcs/sources_1/new/instruction_decode.vhd:34' bound to instance 'id_stage' of component 'instruction_decode' [C:/Users/Nivriti/Desktop/University/Semester 4/Advanced logic design/work_please/work_please.srcs/sources_1/new/top.vhd:203]
INFO: [Synth 8-638] synthesizing module 'instruction_decode' [C:/Users/Nivriti/Desktop/University/Semester 4/Advanced logic design/work_please/work_please.srcs/sources_1/new/instruction_decode.vhd:55]
INFO: [Synth 8-3491] module 'register_file' declared at 'C:/Users/Nivriti/Desktop/University/Semester 4/Advanced logic design/work_please/work_please.srcs/sources_1/new/register_file.vhd:35' bound to instance 'reg_file_decode' of component 'register_file' [C:/Users/Nivriti/Desktop/University/Semester 4/Advanced logic design/work_please/work_please.srcs/sources_1/new/instruction_decode.vhd:90]
INFO: [Synth 8-638] synthesizing module 'register_file' [C:/Users/Nivriti/Desktop/University/Semester 4/Advanced logic design/work_please/work_please.srcs/sources_1/new/register_file.vhd:47]
WARNING: [Synth 8-614] signal 'we' is read in the process but is not in the sensitivity list [C:/Users/Nivriti/Desktop/University/Semester 4/Advanced logic design/work_please/work_please.srcs/sources_1/new/register_file.vhd:56]
WARNING: [Synth 8-614] signal 'rd' is read in the process but is not in the sensitivity list [C:/Users/Nivriti/Desktop/University/Semester 4/Advanced logic design/work_please/work_please.srcs/sources_1/new/register_file.vhd:56]
WARNING: [Synth 8-614] signal 'en' is read in the process but is not in the sensitivity list [C:/Users/Nivriti/Desktop/University/Semester 4/Advanced logic design/work_please/work_please.srcs/sources_1/new/register_file.vhd:56]
WARNING: [Synth 8-614] signal 'reg_file' is read in the process but is not in the sensitivity list [C:/Users/Nivriti/Desktop/University/Semester 4/Advanced logic design/work_please/work_please.srcs/sources_1/new/register_file.vhd:56]
INFO: [Synth 8-256] done synthesizing module 'register_file' (0#1) [C:/Users/Nivriti/Desktop/University/Semester 4/Advanced logic design/work_please/work_please.srcs/sources_1/new/register_file.vhd:47]
INFO: [Synth 8-3491] module 'decoder' declared at 'C:/Users/Nivriti/Desktop/University/Semester 4/Advanced logic design/work_please/work_please.srcs/sources_1/new/decoder.vhd:25' bound to instance 'decoder_decode' of component 'decoder' [C:/Users/Nivriti/Desktop/University/Semester 4/Advanced logic design/work_please/work_please.srcs/sources_1/new/instruction_decode.vhd:100]
INFO: [Synth 8-638] synthesizing module 'decoder' [C:/Users/Nivriti/Desktop/University/Semester 4/Advanced logic design/work_please/work_please.srcs/sources_1/new/decoder.vhd:38]
WARNING: [Synth 8-614] signal 'en' is read in the process but is not in the sensitivity list [C:/Users/Nivriti/Desktop/University/Semester 4/Advanced logic design/work_please/work_please.srcs/sources_1/new/decoder.vhd:40]
INFO: [Synth 8-256] done synthesizing module 'decoder' (0#1) [C:/Users/Nivriti/Desktop/University/Semester 4/Advanced logic design/work_please/work_please.srcs/sources_1/new/decoder.vhd:38]
INFO: [Synth 8-3491] module 'immediate_generator' declared at 'C:/Users/Nivriti/Desktop/University/Semester 4/Advanced logic design/work_please/work_please.srcs/sources_1/new/immediate_generator.vhd:23' bound to instance 'imm_gen_decode' of component 'immediate_generator' [C:/Users/Nivriti/Desktop/University/Semester 4/Advanced logic design/work_please/work_please.srcs/sources_1/new/instruction_decode.vhd:112]
INFO: [Synth 8-638] synthesizing module 'immediate_generator' [C:/Users/Nivriti/Desktop/University/Semester 4/Advanced logic design/work_please/work_please.srcs/sources_1/new/immediate_generator.vhd:31]
WARNING: [Synth 8-614] signal 'en' is read in the process but is not in the sensitivity list [C:/Users/Nivriti/Desktop/University/Semester 4/Advanced logic design/work_please/work_please.srcs/sources_1/new/immediate_generator.vhd:33]
INFO: [Synth 8-256] done synthesizing module 'immediate_generator' (0#1) [C:/Users/Nivriti/Desktop/University/Semester 4/Advanced logic design/work_please/work_please.srcs/sources_1/new/immediate_generator.vhd:31]
INFO: [Synth 8-256] done synthesizing module 'instruction_decode' (0#1) [C:/Users/Nivriti/Desktop/University/Semester 4/Advanced logic design/work_please/work_please.srcs/sources_1/new/instruction_decode.vhd:55]
INFO: [Synth 8-3491] module 'execution_stage' declared at 'C:/Users/Nivriti/Desktop/University/Semester 4/Advanced logic design/work_please/work_please.srcs/sources_1/new/execution_stage.vhd:34' bound to instance 'exe_stage' of component 'execution_stage' [C:/Users/Nivriti/Desktop/University/Semester 4/Advanced logic design/work_please/work_please.srcs/sources_1/new/top.vhd:223]
INFO: [Synth 8-638] synthesizing module 'execution_stage' [C:/Users/Nivriti/Desktop/University/Semester 4/Advanced logic design/work_please/work_please.srcs/sources_1/new/execution_stage.vhd:63]
INFO: [Synth 8-3491] module 'alu' declared at 'C:/Users/Nivriti/Desktop/University/Semester 4/Advanced logic design/work_please/work_please.srcs/sources_1/new/alu.vhd:34' bound to instance 'alu_exe' of component 'alu' [C:/Users/Nivriti/Desktop/University/Semester 4/Advanced logic design/work_please/work_please.srcs/sources_1/new/execution_stage.vhd:96]
INFO: [Synth 8-638] synthesizing module 'alu' [C:/Users/Nivriti/Desktop/University/Semester 4/Advanced logic design/work_please/work_please.srcs/sources_1/new/alu.vhd:43]
INFO: [Synth 8-256] done synthesizing module 'alu' (0#1) [C:/Users/Nivriti/Desktop/University/Semester 4/Advanced logic design/work_please/work_please.srcs/sources_1/new/alu.vhd:43]
INFO: [Synth 8-3491] module 'comparator' declared at 'C:/Users/Nivriti/Desktop/University/Semester 4/Advanced logic design/work_please/work_please.srcs/sources_1/new/comparator.vhd:34' bound to instance 'comp_exe' of component 'comparator' [C:/Users/Nivriti/Desktop/University/Semester 4/Advanced logic design/work_please/work_please.srcs/sources_1/new/execution_stage.vhd:103]
INFO: [Synth 8-638] synthesizing module 'comparator' [C:/Users/Nivriti/Desktop/University/Semester 4/Advanced logic design/work_please/work_please.srcs/sources_1/new/comparator.vhd:43]
INFO: [Synth 8-256] done synthesizing module 'comparator' (0#1) [C:/Users/Nivriti/Desktop/University/Semester 4/Advanced logic design/work_please/work_please.srcs/sources_1/new/comparator.vhd:43]
INFO: [Synth 8-3491] module 'data_memory' declared at 'C:/Users/Nivriti/Desktop/University/Semester 4/Advanced logic design/work_please/work_please.runs/synth_1/.Xil/Vivado-11524-DESKTOP-6NMN34L/realtime/data_memory_stub.vhdl:6' bound to instance 'stage_dm' of component 'data_memory' [C:/Users/Nivriti/Desktop/University/Semester 4/Advanced logic design/work_please/work_please.srcs/sources_1/new/execution_stage.vhd:110]
INFO: [Synth 8-638] synthesizing module 'data_memory' [C:/Users/Nivriti/Desktop/University/Semester 4/Advanced logic design/work_please/work_please.runs/synth_1/.Xil/Vivado-11524-DESKTOP-6NMN34L/realtime/data_memory_stub.vhdl:17]
INFO: [Synth 8-256] done synthesizing module 'execution_stage' (0#1) [C:/Users/Nivriti/Desktop/University/Semester 4/Advanced logic design/work_please/work_please.srcs/sources_1/new/execution_stage.vhd:63]
INFO: [Synth 8-3491] module 'read_write_back_stage' declared at 'C:/Users/Nivriti/Desktop/University/Semester 4/Advanced logic design/work_please/work_please.srcs/sources_1/new/read_write_back_stage.vhd:34' bound to instance 'wb_stage' of component 'read_write_back_stage' [C:/Users/Nivriti/Desktop/University/Semester 4/Advanced logic design/work_please/work_please.srcs/sources_1/new/top.vhd:249]
INFO: [Synth 8-638] synthesizing module 'read_write_back_stage' [C:/Users/Nivriti/Desktop/University/Semester 4/Advanced logic design/work_please/work_please.srcs/sources_1/new/read_write_back_stage.vhd:47]
INFO: [Synth 8-256] done synthesizing module 'read_write_back_stage' (0#1) [C:/Users/Nivriti/Desktop/University/Semester 4/Advanced logic design/work_please/work_please.srcs/sources_1/new/read_write_back_stage.vhd:47]
INFO: [Synth 8-3491] module 'control_unit' declared at 'C:/Users/Nivriti/Desktop/University/Semester 4/Advanced logic design/work_please/work_please.srcs/sources_1/new/control_unit.vhd:38' bound to instance 'cu' of component 'control_unit' [C:/Users/Nivriti/Desktop/University/Semester 4/Advanced logic design/work_please/work_please.srcs/sources_1/new/top.vhd:260]
INFO: [Synth 8-638] synthesizing module 'control_unit' [C:/Users/Nivriti/Desktop/University/Semester 4/Advanced logic design/work_please/work_please.srcs/sources_1/new/control_unit.vhd:58]
WARNING: [Synth 8-614] signal 'a_select' is read in the process but is not in the sensitivity list [C:/Users/Nivriti/Desktop/University/Semester 4/Advanced logic design/work_please/work_please.srcs/sources_1/new/control_unit.vhd:61]
WARNING: [Synth 8-614] signal 'b_select' is read in the process but is not in the sensitivity list [C:/Users/Nivriti/Desktop/University/Semester 4/Advanced logic design/work_please/work_please.srcs/sources_1/new/control_unit.vhd:61]
INFO: [Synth 8-256] done synthesizing module 'control_unit' (0#1) [C:/Users/Nivriti/Desktop/University/Semester 4/Advanced logic design/work_please/work_please.srcs/sources_1/new/control_unit.vhd:58]
INFO: [Synth 8-3491] module 'seven_segment_driver' declared at 'C:/Users/Nivriti/Desktop/University/Semester 4/Advanced logic design/work_please/work_please.srcs/sources_1/new/seven_segment_driver.vhd:34' bound to instance 'seven_segment_display' of component 'seven_segment_driver' [C:/Users/Nivriti/Desktop/University/Semester 4/Advanced logic design/work_please/work_please.srcs/sources_1/new/top.vhd:275]
INFO: [Synth 8-638] synthesizing module 'seven_segment_driver' [C:/Users/Nivriti/Desktop/University/Semester 4/Advanced logic design/work_please/work_please.srcs/sources_1/new/seven_segment_driver.vhd:51]
	Parameter size bound to: 20 - type: integer 
INFO: [Synth 8-256] done synthesizing module 'seven_segment_driver' (0#1) [C:/Users/Nivriti/Desktop/University/Semester 4/Advanced logic design/work_please/work_please.srcs/sources_1/new/seven_segment_driver.vhd:51]
WARNING: [Synth 8-614] signal 'rst' is read in the process but is not in the sensitivity list [C:/Users/Nivriti/Desktop/University/Semester 4/Advanced logic design/work_please/work_please.srcs/sources_1/new/top.vhd:304]
WARNING: [Synth 8-614] signal 'alu_forward_ex' is read in the process but is not in the sensitivity list [C:/Users/Nivriti/Desktop/University/Semester 4/Advanced logic design/work_please/work_please.srcs/sources_1/new/top.vhd:304]
INFO: [Synth 8-256] done synthesizing module 'top' (0#1) [C:/Users/Nivriti/Desktop/University/Semester 4/Advanced logic design/work_please/work_please.srcs/sources_1/new/top.vhd:43]
WARNING: [Synth 8-3848] Net AN in module/entity top does not have driver. [C:/Users/Nivriti/Desktop/University/Semester 4/Advanced logic design/work_please/work_please.srcs/sources_1/new/top.vhd:40]
WARNING: [Synth 8-7129] Port instruction[6] in module immediate_generator is either unconnected or has no load
WARNING: [Synth 8-7129] Port instruction[5] in module immediate_generator is either unconnected or has no load
WARNING: [Synth 8-7129] Port instruction[4] in module immediate_generator is either unconnected or has no load
WARNING: [Synth 8-7129] Port instruction[3] in module immediate_generator is either unconnected or has no load
WARNING: [Synth 8-7129] Port instruction[2] in module immediate_generator is either unconnected or has no load
WARNING: [Synth 8-7129] Port instruction[1] in module immediate_generator is either unconnected or has no load
WARNING: [Synth 8-7129] Port instruction[0] in module immediate_generator is either unconnected or has no load
WARNING: [Synth 8-7129] Port rst in module immediate_generator is either unconnected or has no load
WARNING: [Synth 8-7129] Port AN[3] in module top is either unconnected or has no load
WARNING: [Synth 8-7129] Port AN[2] in module top is either unconnected or has no load
WARNING: [Synth 8-7129] Port AN[1] in module top is either unconnected or has no load
WARNING: [Synth 8-7129] Port AN[0] in module top is either unconnected or has no load
WARNING: [Synth 8-7129] Port display[15] in module top is either unconnected or has no load
WARNING: [Synth 8-7129] Port display[14] in module top is either unconnected or has no load
WARNING: [Synth 8-7129] Port display[13] in module top is either unconnected or has no load
WARNING: [Synth 8-7129] Port display[12] in module top is either unconnected or has no load
WARNING: [Synth 8-7129] Port display[11] in module top is either unconnected or has no load
WARNING: [Synth 8-7129] Port display[10] in module top is either unconnected or has no load
WARNING: [Synth 8-7129] Port display[9] in module top is either unconnected or has no load
WARNING: [Synth 8-7129] Port display[8] in module top is either unconnected or has no load
WARNING: [Synth 8-7129] Port display[7] in module top is either unconnected or has no load
WARNING: [Synth 8-7129] Port display[6] in module top is either unconnected or has no load
WARNING: [Synth 8-7129] Port display[5] in module top is either unconnected or has no load
WARNING: [Synth 8-7129] Port display[4] in module top is either unconnected or has no load
WARNING: [Synth 8-7129] Port display[3] in module top is either unconnected or has no load
WARNING: [Synth 8-7129] Port display[2] in module top is either unconnected or has no load
WARNING: [Synth 8-7129] Port display[1] in module top is either unconnected or has no load
WARNING: [Synth 8-7129] Port display[0] in module top is either unconnected or has no load
---------------------------------------------------------------------------------
Finished RTL Elaboration : Time (s): cpu = 00:00:12 ; elapsed = 00:00:19 . Memory (MB): peak = 1379.211 ; gain = 512.863
---------------------------------------------------------------------------------
---------------------------------------------------------------------------------
Start Handling Custom Attributes
---------------------------------------------------------------------------------
---------------------------------------------------------------------------------
Finished Handling Custom Attributes : Time (s): cpu = 00:00:12 ; elapsed = 00:00:19 . Memory (MB): peak = 1379.211 ; gain = 512.863
---------------------------------------------------------------------------------
---------------------------------------------------------------------------------
Finished RTL Optimization Phase 1 : Time (s): cpu = 00:00:12 ; elapsed = 00:00:19 . Memory (MB): peak = 1379.211 ; gain = 512.863
---------------------------------------------------------------------------------
Netlist sorting complete. Time (s): cpu = 00:00:00 ; elapsed = 00:00:00.062 . Memory (MB): peak = 1379.211 ; gain = 0.000
INFO: [Project 1-570] Preparing netlist for logic optimization

Processing XDC Constraints
Initializing timing engine
Parsing XDC File [c:/Users/Nivriti/Desktop/University/Semester 4/Advanced logic design/work_please/work_please.gen/sources_1/ip/instruction_memory/instruction_memory/instruction_memory_in_context.xdc] for cell 'if_stage/ifs_mem'
Finished Parsing XDC File [c:/Users/Nivriti/Desktop/University/Semester 4/Advanced logic design/work_please/work_please.gen/sources_1/ip/instruction_memory/instruction_memory/instruction_memory_in_context.xdc] for cell 'if_stage/ifs_mem'
Parsing XDC File [c:/Users/Nivriti/Desktop/University/Semester 4/Advanced logic design/work_please/work_please.gen/sources_1/ip/data_memory/data_memory/data_memory_in_context.xdc] for cell 'exe_stage/stage_dm'
Finished Parsing XDC File [c:/Users/Nivriti/Desktop/University/Semester 4/Advanced logic design/work_please/work_please.gen/sources_1/ip/data_memory/data_memory/data_memory_in_context.xdc] for cell 'exe_stage/stage_dm'
Parsing XDC File [C:/Users/Nivriti/Desktop/University/Semester 4/Advanced logic design/risc-v code/constraints/Nexys4DDR_Master.xdc]
WARNING: [Vivado 12-584] No ports matched 'SW[0]'. [C:/Users/Nivriti/Desktop/University/Semester 4/Advanced logic design/risc-v code/constraints/Nexys4DDR_Master.xdc:13]
WARNING: [Vivado 12-584] No ports matched 'SW[1]'. [C:/Users/Nivriti/Desktop/University/Semester 4/Advanced logic design/risc-v code/constraints/Nexys4DDR_Master.xdc:14]
WARNING: [Vivado 12-584] No ports matched 'SW[2]'. [C:/Users/Nivriti/Desktop/University/Semester 4/Advanced logic design/risc-v code/constraints/Nexys4DDR_Master.xdc:15]
WARNING: [Vivado 12-584] No ports matched 'SW[3]'. [C:/Users/Nivriti/Desktop/University/Semester 4/Advanced logic design/risc-v code/constraints/Nexys4DDR_Master.xdc:16]
WARNING: [Vivado 12-584] No ports matched 'SW[4]'. [C:/Users/Nivriti/Desktop/University/Semester 4/Advanced logic design/risc-v code/constraints/Nexys4DDR_Master.xdc:17]
WARNING: [Vivado 12-584] No ports matched 'SW[5]'. [C:/Users/Nivriti/Desktop/University/Semester 4/Advanced logic design/risc-v code/constraints/Nexys4DDR_Master.xdc:18]
WARNING: [Vivado 12-584] No ports matched 'SW[6]'. [C:/Users/Nivriti/Desktop/University/Semester 4/Advanced logic design/risc-v code/constraints/Nexys4DDR_Master.xdc:19]
WARNING: [Vivado 12-584] No ports matched 'SW[7]'. [C:/Users/Nivriti/Desktop/University/Semester 4/Advanced logic design/risc-v code/constraints/Nexys4DDR_Master.xdc:20]
WARNING: [Vivado 12-584] No ports matched 'SW[8]'. [C:/Users/Nivriti/Desktop/University/Semester 4/Advanced logic design/risc-v code/constraints/Nexys4DDR_Master.xdc:21]
WARNING: [Vivado 12-584] No ports matched 'SW[9]'. [C:/Users/Nivriti/Desktop/University/Semester 4/Advanced logic design/risc-v code/constraints/Nexys4DDR_Master.xdc:22]
WARNING: [Vivado 12-584] No ports matched 'SW[10]'. [C:/Users/Nivriti/Desktop/University/Semester 4/Advanced logic design/risc-v code/constraints/Nexys4DDR_Master.xdc:23]
WARNING: [Vivado 12-584] No ports matched 'SW[11]'. [C:/Users/Nivriti/Desktop/University/Semester 4/Advanced logic design/risc-v code/constraints/Nexys4DDR_Master.xdc:24]
WARNING: [Vivado 12-584] No ports matched 'SW[12]'. [C:/Users/Nivriti/Desktop/University/Semester 4/Advanced logic design/risc-v code/constraints/Nexys4DDR_Master.xdc:25]
WARNING: [Vivado 12-584] No ports matched 'SW[13]'. [C:/Users/Nivriti/Desktop/University/Semester 4/Advanced logic design/risc-v code/constraints/Nexys4DDR_Master.xdc:26]
WARNING: [Vivado 12-584] No ports matched 'SW[14]'. [C:/Users/Nivriti/Desktop/University/Semester 4/Advanced logic design/risc-v code/constraints/Nexys4DDR_Master.xdc:27]
WARNING: [Vivado 12-584] No ports matched 'SW[15]'. [C:/Users/Nivriti/Desktop/University/Semester 4/Advanced logic design/risc-v code/constraints/Nexys4DDR_Master.xdc:28]
WARNING: [Vivado 12-584] No ports matched 'CPU_RESETN'. [C:/Users/Nivriti/Desktop/University/Semester 4/Advanced logic design/risc-v code/constraints/Nexys4DDR_Master.xdc:54]
Finished Parsing XDC File [C:/Users/Nivriti/Desktop/University/Semester 4/Advanced logic design/risc-v code/constraints/Nexys4DDR_Master.xdc]
WARNING: [Project 1-498] One or more constraints failed evaluation while reading constraint file [C:/Users/Nivriti/Desktop/University/Semester 4/Advanced logic design/risc-v code/constraints/Nexys4DDR_Master.xdc] and the design contains unresolved black boxes. These constraints will be read post-synthesis (as long as their source constraint file is marked as used_in_implementation) and should be applied correctly then. You should review the constraints listed in the file [.Xil/top_propImpl.xdc] and check the run log file to verify that these constraints were correctly applied.
INFO: [Project 1-236] Implementation specific constraints were found while reading constraint file [C:/Users/Nivriti/Desktop/University/Semester 4/Advanced logic design/risc-v code/constraints/Nexys4DDR_Master.xdc]. These constraints will be ignored for synthesis but will be used in implementation. Impacted constraints are listed in the file [.Xil/top_propImpl.xdc].
Resolution: To avoid this warning, move constraints listed in [.Xil/top_propImpl.xdc] to another XDC file and exclude this new file from synthesis with the used_in_synthesis property (File Properties dialog in GUI) and re-run elaboration/synthesis.
Completed Processing XDC Constraints

Netlist sorting complete. Time (s): cpu = 00:00:00 ; elapsed = 00:00:00 . Memory (MB): peak = 1475.551 ; gain = 0.000
INFO: [Project 1-111] Unisim Transformation Summary:
No Unisim elements were transformed.

Constraint Validation Runtime : Time (s): cpu = 00:00:00 ; elapsed = 00:00:00.023 . Memory (MB): peak = 1475.551 ; gain = 0.000
WARNING: [Timing 38-316] Clock period '20.000' specified during out-of-context synthesis of instance 'exe_stage/stage_dm' at clock pin 'clka' is different from the actual clock period '10.000', this can lead to different synthesis results.
WARNING: [Timing 38-316] Clock period '20.000' specified during out-of-context synthesis of instance 'if_stage/ifs_mem' at clock pin 'clka' is different from the actual clock period '10.000', this can lead to different synthesis results.
INFO: [Designutils 20-5440] No compile time benefit to using incremental synthesis; A full resynthesis will be run
INFO: [Designutils 20-4379] Flow is switching to default flow due to incremental criteria not met. If you would like to alter this behaviour and have the flow terminate instead, please set the following parameter config_implementation {autoIncr.Synth.RejectBehavior Terminate}
---------------------------------------------------------------------------------
Finished Constraint Validation : Time (s): cpu = 00:00:24 ; elapsed = 00:00:38 . Memory (MB): peak = 1475.574 ; gain = 609.227
---------------------------------------------------------------------------------
---------------------------------------------------------------------------------
Start Loading Part and Timing Information
---------------------------------------------------------------------------------
Loading part: xc7a100tcsg324-1
---------------------------------------------------------------------------------
Finished Loading Part and Timing Information : Time (s): cpu = 00:00:24 ; elapsed = 00:00:38 . Memory (MB): peak = 1475.574 ; gain = 609.227
---------------------------------------------------------------------------------
---------------------------------------------------------------------------------
Start Applying 'set_property' XDC Constraints
---------------------------------------------------------------------------------
Applied set_property KEEP_HIERARCHY = SOFT for if_stage/ifs_mem. (constraint file  auto generated constraint).
Applied set_property KEEP_HIERARCHY = SOFT for exe_stage/stage_dm. (constraint file  auto generated constraint).
---------------------------------------------------------------------------------
Finished applying 'set_property' XDC Constraints : Time (s): cpu = 00:00:24 ; elapsed = 00:00:38 . Memory (MB): peak = 1475.574 ; gain = 609.227
---------------------------------------------------------------------------------
WARNING: [Synth 8-3936] Found unconnected internal register 'multiply_result_reg' and it is trimmed from '64' to '32' bits. [C:/Users/Nivriti/Desktop/University/Semester 4/Advanced logic design/work_please/work_please.srcs/sources_1/new/alu.vhd:50]
WARNING: [Synth 8-327] inferring latch for variable 'reg_file_reg[31]' [C:/Users/Nivriti/Desktop/University/Semester 4/Advanced logic design/work_please/work_please.srcs/sources_1/new/register_file.vhd:61]
WARNING: [Synth 8-327] inferring latch for variable 'reg_file_reg[30]' [C:/Users/Nivriti/Desktop/University/Semester 4/Advanced logic design/work_please/work_please.srcs/sources_1/new/register_file.vhd:61]
WARNING: [Synth 8-327] inferring latch for variable 'reg_file_reg[29]' [C:/Users/Nivriti/Desktop/University/Semester 4/Advanced logic design/work_please/work_please.srcs/sources_1/new/register_file.vhd:61]
WARNING: [Synth 8-327] inferring latch for variable 'reg_file_reg[28]' [C:/Users/Nivriti/Desktop/University/Semester 4/Advanced logic design/work_please/work_please.srcs/sources_1/new/register_file.vhd:61]
WARNING: [Synth 8-327] inferring latch for variable 'reg_file_reg[27]' [C:/Users/Nivriti/Desktop/University/Semester 4/Advanced logic design/work_please/work_please.srcs/sources_1/new/register_file.vhd:61]
WARNING: [Synth 8-327] inferring latch for variable 'reg_file_reg[26]' [C:/Users/Nivriti/Desktop/University/Semester 4/Advanced logic design/work_please/work_please.srcs/sources_1/new/register_file.vhd:61]
WARNING: [Synth 8-327] inferring latch for variable 'reg_file_reg[25]' [C:/Users/Nivriti/Desktop/University/Semester 4/Advanced logic design/work_please/work_please.srcs/sources_1/new/register_file.vhd:61]
WARNING: [Synth 8-327] inferring latch for variable 'reg_file_reg[24]' [C:/Users/Nivriti/Desktop/University/Semester 4/Advanced logic design/work_please/work_please.srcs/sources_1/new/register_file.vhd:61]
WARNING: [Synth 8-327] inferring latch for variable 'reg_file_reg[23]' [C:/Users/Nivriti/Desktop/University/Semester 4/Advanced logic design/work_please/work_please.srcs/sources_1/new/register_file.vhd:61]
WARNING: [Synth 8-327] inferring latch for variable 'reg_file_reg[22]' [C:/Users/Nivriti/Desktop/University/Semester 4/Advanced logic design/work_please/work_please.srcs/sources_1/new/register_file.vhd:61]
WARNING: [Synth 8-327] inferring latch for variable 'reg_file_reg[21]' [C:/Users/Nivriti/Desktop/University/Semester 4/Advanced logic design/work_please/work_please.srcs/sources_1/new/register_file.vhd:61]
WARNING: [Synth 8-327] inferring latch for variable 'reg_file_reg[20]' [C:/Users/Nivriti/Desktop/University/Semester 4/Advanced logic design/work_please/work_please.srcs/sources_1/new/register_file.vhd:61]
WARNING: [Synth 8-327] inferring latch for variable 'reg_file_reg[19]' [C:/Users/Nivriti/Desktop/University/Semester 4/Advanced logic design/work_please/work_please.srcs/sources_1/new/register_file.vhd:61]
WARNING: [Synth 8-327] inferring latch for variable 'reg_file_reg[18]' [C:/Users/Nivriti/Desktop/University/Semester 4/Advanced logic design/work_please/work_please.srcs/sources_1/new/register_file.vhd:61]
WARNING: [Synth 8-327] inferring latch for variable 'reg_file_reg[17]' [C:/Users/Nivriti/Desktop/University/Semester 4/Advanced logic design/work_please/work_please.srcs/sources_1/new/register_file.vhd:61]
WARNING: [Synth 8-327] inferring latch for variable 'reg_file_reg[16]' [C:/Users/Nivriti/Desktop/University/Semester 4/Advanced logic design/work_please/work_please.srcs/sources_1/new/register_file.vhd:61]
WARNING: [Synth 8-327] inferring latch for variable 'reg_file_reg[15]' [C:/Users/Nivriti/Desktop/University/Semester 4/Advanced logic design/work_please/work_please.srcs/sources_1/new/register_file.vhd:61]
WARNING: [Synth 8-327] inferring latch for variable 'reg_file_reg[14]' [C:/Users/Nivriti/Desktop/University/Semester 4/Advanced logic design/work_please/work_please.srcs/sources_1/new/register_file.vhd:61]
WARNING: [Synth 8-327] inferring latch for variable 'reg_file_reg[13]' [C:/Users/Nivriti/Desktop/University/Semester 4/Advanced logic design/work_please/work_please.srcs/sources_1/new/register_file.vhd:61]
WARNING: [Synth 8-327] inferring latch for variable 'reg_file_reg[12]' [C:/Users/Nivriti/Desktop/University/Semester 4/Advanced logic design/work_please/work_please.srcs/sources_1/new/register_file.vhd:61]
WARNING: [Synth 8-327] inferring latch for variable 'reg_file_reg[11]' [C:/Users/Nivriti/Desktop/University/Semester 4/Advanced logic design/work_please/work_please.srcs/sources_1/new/register_file.vhd:61]
WARNING: [Synth 8-327] inferring latch for variable 'reg_file_reg[10]' [C:/Users/Nivriti/Desktop/University/Semester 4/Advanced logic design/work_please/work_please.srcs/sources_1/new/register_file.vhd:61]
WARNING: [Synth 8-327] inferring latch for variable 'reg_file_reg[9]' [C:/Users/Nivriti/Desktop/University/Semester 4/Advanced logic design/work_please/work_please.srcs/sources_1/new/register_file.vhd:61]
WARNING: [Synth 8-327] inferring latch for variable 'reg_file_reg[8]' [C:/Users/Nivriti/Desktop/University/Semester 4/Advanced logic design/work_please/work_please.srcs/sources_1/new/register_file.vhd:61]
WARNING: [Synth 8-327] inferring latch for variable 'reg_file_reg[7]' [C:/Users/Nivriti/Desktop/University/Semester 4/Advanced logic design/work_please/work_please.srcs/sources_1/new/register_file.vhd:61]
WARNING: [Synth 8-327] inferring latch for variable 'reg_file_reg[6]' [C:/Users/Nivriti/Desktop/University/Semester 4/Advanced logic design/work_please/work_please.srcs/sources_1/new/register_file.vhd:61]
WARNING: [Synth 8-327] inferring latch for variable 'reg_file_reg[5]' [C:/Users/Nivriti/Desktop/University/Semester 4/Advanced logic design/work_please/work_please.srcs/sources_1/new/register_file.vhd:61]
WARNING: [Synth 8-327] inferring latch for variable 'reg_file_reg[4]' [C:/Users/Nivriti/Desktop/University/Semester 4/Advanced logic design/work_please/work_please.srcs/sources_1/new/register_file.vhd:61]
WARNING: [Synth 8-327] inferring latch for variable 'reg_file_reg[3]' [C:/Users/Nivriti/Desktop/University/Semester 4/Advanced logic design/work_please/work_please.srcs/sources_1/new/register_file.vhd:61]
WARNING: [Synth 8-327] inferring latch for variable 'reg_file_reg[2]' [C:/Users/Nivriti/Desktop/University/Semester 4/Advanced logic design/work_please/work_please.srcs/sources_1/new/register_file.vhd:61]
WARNING: [Synth 8-327] inferring latch for variable 'reg_file_reg[1]' [C:/Users/Nivriti/Desktop/University/Semester 4/Advanced logic design/work_please/work_please.srcs/sources_1/new/register_file.vhd:61]
WARNING: [Synth 8-327] inferring latch for variable 'reg_file_reg[0]' [C:/Users/Nivriti/Desktop/University/Semester 4/Advanced logic design/work_please/work_please.srcs/sources_1/new/register_file.vhd:61]
WARNING: [Synth 8-327] inferring latch for variable 'alu_opcode_reg' [C:/Users/Nivriti/Desktop/University/Semester 4/Advanced logic design/work_please/work_please.srcs/sources_1/new/decoder.vhd:43]
WARNING: [Synth 8-327] inferring latch for variable 'a_select_reg' [C:/Users/Nivriti/Desktop/University/Semester 4/Advanced logic design/work_please/work_please.srcs/sources_1/new/decoder.vhd:44]
WARNING: [Synth 8-327] inferring latch for variable 'b_select_reg' [C:/Users/Nivriti/Desktop/University/Semester 4/Advanced logic design/work_please/work_please.srcs/sources_1/new/decoder.vhd:45]
WARNING: [Synth 8-327] inferring latch for variable 'immediate_reg' [C:/Users/Nivriti/Desktop/University/Semester 4/Advanced logic design/work_please/work_please.srcs/sources_1/new/immediate_generator.vhd:36]
---------------------------------------------------------------------------------
Finished RTL Optimization Phase 2 : Time (s): cpu = 00:00:25 ; elapsed = 00:00:39 . Memory (MB): peak = 1475.574 ; gain = 609.227
---------------------------------------------------------------------------------
---------------------------------------------------------------------------------
Start RTL Component Statistics 
---------------------------------------------------------------------------------
Detailed RTL Component Info : 
+---Adders : 
	   2 Input   32 Bit       Adders := 2     
	   3 Input   32 Bit       Adders := 1     
	   2 Input   12 Bit       Adders := 1     
+---XORs : 
	   2 Input     32 Bit         XORs := 1     
+---Registers : 
	               32 Bit    Registers := 9     
	               16 Bit    Registers := 1     
	               12 Bit    Registers := 1     
	                5 Bit    Registers := 4     
	                1 Bit    Registers := 8     
+---Multipliers : 
	              32x32  Multipliers := 1     
+---Muxes : 
	   2 Input   32 Bit        Muxes := 12    
	   4 Input   32 Bit        Muxes := 1     
	   3 Input   32 Bit        Muxes := 1     
	   2 Input   12 Bit        Muxes := 4     
	   9 Input    5 Bit        Muxes := 1     
	   2 Input    5 Bit        Muxes := 1     
	   4 Input    4 Bit        Muxes := 2     
	   7 Input    3 Bit        Muxes := 2     
	   2 Input    3 Bit        Muxes := 8     
	   5 Input    3 Bit        Muxes := 2     
	   6 Input    2 Bit        Muxes := 1     
	   3 Input    1 Bit        Muxes := 31    
	   2 Input    1 Bit        Muxes := 37    
	   5 Input    1 Bit        Muxes := 3     
	   8 Input    1 Bit        Muxes := 1     
	   4 Input    1 Bit        Muxes := 1     
---------------------------------------------------------------------------------
Finished RTL Component Statistics 
---------------------------------------------------------------------------------
---------------------------------------------------------------------------------
Start Part Resource Summary
---------------------------------------------------------------------------------
Part Resources:
DSPs: 240 (col length:80)
BRAMs: 270 (col length: RAMB18 80 RAMB36 40)
---------------------------------------------------------------------------------
Finished Part Resource Summary
---------------------------------------------------------------------------------
---------------------------------------------------------------------------------
Start Cross Boundary and Area Optimization
---------------------------------------------------------------------------------
WARNING: [Synth 8-7080] Parallel synthesis criteria is not met
DSP Report: Generating DSP exe_stage/alu_exe/multiply_result0, operation Mode is: A2*B2.
DSP Report: register exe_stage/operand_signal_1_reg is absorbed into DSP exe_stage/alu_exe/multiply_result0.
DSP Report: register exe_stage/alu_exe/multiply_result0 is absorbed into DSP exe_stage/alu_exe/multiply_result0.
DSP Report: operator exe_stage/alu_exe/multiply_result0 is absorbed into DSP exe_stage/alu_exe/multiply_result0.
DSP Report: operator exe_stage/alu_exe/multiply_result0 is absorbed into DSP exe_stage/alu_exe/multiply_result0.
DSP Report: Generating DSP exe_stage/alu_exe/multiply_result_reg, operation Mode is: (PCIN>>17)+A2*B2.
DSP Report: register exe_stage/operand_signal_2_reg is absorbed into DSP exe_stage/alu_exe/multiply_result_reg.
DSP Report: register exe_stage/operand_signal_1_reg is absorbed into DSP exe_stage/alu_exe/multiply_result_reg.
DSP Report: register exe_stage/alu_exe/multiply_result_reg is absorbed into DSP exe_stage/alu_exe/multiply_result_reg.
DSP Report: operator exe_stage/alu_exe/multiply_result0 is absorbed into DSP exe_stage/alu_exe/multiply_result_reg.
DSP Report: operator exe_stage/alu_exe/multiply_result0 is absorbed into DSP exe_stage/alu_exe/multiply_result_reg.
DSP Report: Generating DSP exe_stage/alu_exe/multiply_result0, operation Mode is: A2*B2.
DSP Report: register exe_stage/alu_exe/multiply_result0 is absorbed into DSP exe_stage/alu_exe/multiply_result0.
DSP Report: register exe_stage/alu_exe/multiply_result0 is absorbed into DSP exe_stage/alu_exe/multiply_result0.
DSP Report: operator exe_stage/alu_exe/multiply_result0 is absorbed into DSP exe_stage/alu_exe/multiply_result0.
DSP Report: operator exe_stage/alu_exe/multiply_result0 is absorbed into DSP exe_stage/alu_exe/multiply_result0.
DSP Report: Generating DSP exe_stage/alu_exe/multiply_result_reg, operation Mode is: (PCIN>>17)+A2*B2.
DSP Report: register exe_stage/operand_signal_2_reg is absorbed into DSP exe_stage/alu_exe/multiply_result_reg.
DSP Report: register exe_stage/alu_exe/multiply_result_reg is absorbed into DSP exe_stage/alu_exe/multiply_result_reg.
DSP Report: register exe_stage/alu_exe/multiply_result_reg is absorbed into DSP exe_stage/alu_exe/multiply_result_reg.
DSP Report: operator exe_stage/alu_exe/multiply_result0 is absorbed into DSP exe_stage/alu_exe/multiply_result_reg.
DSP Report: operator exe_stage/alu_exe/multiply_result0 is absorbed into DSP exe_stage/alu_exe/multiply_result_reg.
WARNING: [Synth 8-7129] Port AN[3] in module top is either unconnected or has no load
WARNING: [Synth 8-7129] Port AN[2] in module top is either unconnected or has no load
WARNING: [Synth 8-7129] Port AN[1] in module top is either unconnected or has no load
WARNING: [Synth 8-7129] Port AN[0] in module top is either unconnected or has no load
WARNING: [Synth 8-7129] Port display[15] in module top is either unconnected or has no load
WARNING: [Synth 8-7129] Port display[14] in module top is either unconnected or has no load
WARNING: [Synth 8-7129] Port display[13] in module top is either unconnected or has no load
WARNING: [Synth 8-7129] Port display[12] in module top is either unconnected or has no load
WARNING: [Synth 8-7129] Port display[11] in module top is either unconnected or has no load
WARNING: [Synth 8-7129] Port display[10] in module top is either unconnected or has no load
WARNING: [Synth 8-7129] Port display[9] in module top is either unconnected or has no load
WARNING: [Synth 8-7129] Port display[8] in module top is either unconnected or has no load
WARNING: [Synth 8-7129] Port display[7] in module top is either unconnected or has no load
WARNING: [Synth 8-7129] Port display[6] in module top is either unconnected or has no load
WARNING: [Synth 8-7129] Port display[5] in module top is either unconnected or has no load
WARNING: [Synth 8-7129] Port display[4] in module top is either unconnected or has no load
WARNING: [Synth 8-7129] Port display[3] in module top is either unconnected or has no load
WARNING: [Synth 8-7129] Port display[2] in module top is either unconnected or has no load
WARNING: [Synth 8-7129] Port display[1] in module top is either unconnected or has no load
WARNING: [Synth 8-7129] Port display[0] in module top is either unconnected or has no load
WARNING: [Synth 8-264] enable of latch \id_stage/reg_file_decode/reg_file_reg[0][0]  is always disabled
WARNING: [Synth 8-264] enable of latch \id_stage/reg_file_decode/reg_file_reg[0][0]  is always disabled
WARNING: [Synth 8-264] enable of latch \id_stage/reg_file_decode/reg_file_reg[0][1]  is always disabled
WARNING: [Synth 8-264] enable of latch \id_stage/reg_file_decode/reg_file_reg[0][1]  is always disabled
WARNING: [Synth 8-264] enable of latch \id_stage/reg_file_decode/reg_file_reg[0][2]  is always disabled
WARNING: [Synth 8-264] enable of latch \id_stage/reg_file_decode/reg_file_reg[0][2]  is always disabled
WARNING: [Synth 8-264] enable of latch \id_stage/reg_file_decode/reg_file_reg[0][3]  is always disabled
WARNING: [Synth 8-264] enable of latch \id_stage/reg_file_decode/reg_file_reg[0][3]  is always disabled
WARNING: [Synth 8-264] enable of latch \id_stage/reg_file_decode/reg_file_reg[0][4]  is always disabled
WARNING: [Synth 8-264] enable of latch \id_stage/reg_file_decode/reg_file_reg[0][4]  is always disabled
WARNING: [Synth 8-264] enable of latch \id_stage/reg_file_decode/reg_file_reg[0][5]  is always disabled
WARNING: [Synth 8-264] enable of latch \id_stage/reg_file_decode/reg_file_reg[0][5]  is always disabled
WARNING: [Synth 8-264] enable of latch \id_stage/reg_file_decode/reg_file_reg[0][6]  is always disabled
WARNING: [Synth 8-264] enable of latch \id_stage/reg_file_decode/reg_file_reg[0][6]  is always disabled
WARNING: [Synth 8-264] enable of latch \id_stage/reg_file_decode/reg_file_reg[0][7]  is always disabled
WARNING: [Synth 8-264] enable of latch \id_stage/reg_file_decode/reg_file_reg[0][7]  is always disabled
WARNING: [Synth 8-264] enable of latch \id_stage/reg_file_decode/reg_file_reg[0][8]  is always disabled
WARNING: [Synth 8-264] enable of latch \id_stage/reg_file_decode/reg_file_reg[0][8]  is always disabled
WARNING: [Synth 8-264] enable of latch \id_stage/reg_file_decode/reg_file_reg[0][9]  is always disabled
WARNING: [Synth 8-264] enable of latch \id_stage/reg_file_decode/reg_file_reg[0][9]  is always disabled
WARNING: [Synth 8-264] enable of latch \id_stage/reg_file_decode/reg_file_reg[0][10]  is always disabled
WARNING: [Synth 8-264] enable of latch \id_stage/reg_file_decode/reg_file_reg[0][10]  is always disabled
WARNING: [Synth 8-264] enable of latch \id_stage/reg_file_decode/reg_file_reg[0][11]  is always disabled
WARNING: [Synth 8-264] enable of latch \id_stage/reg_file_decode/reg_file_reg[0][11]  is always disabled
WARNING: [Synth 8-264] enable of latch \id_stage/reg_file_decode/reg_file_reg[0][12]  is always disabled
WARNING: [Synth 8-264] enable of latch \id_stage/reg_file_decode/reg_file_reg[0][12]  is always disabled
WARNING: [Synth 8-264] enable of latch \id_stage/reg_file_decode/reg_file_reg[0][13]  is always disabled
WARNING: [Synth 8-264] enable of latch \id_stage/reg_file_decode/reg_file_reg[0][13]  is always disabled
WARNING: [Synth 8-264] enable of latch \id_stage/reg_file_decode/reg_file_reg[0][14]  is always disabled
WARNING: [Synth 8-264] enable of latch \id_stage/reg_file_decode/reg_file_reg[0][14]  is always disabled
WARNING: [Synth 8-264] enable of latch \id_stage/reg_file_decode/reg_file_reg[0][15]  is always disabled
WARNING: [Synth 8-264] enable of latch \id_stage/reg_file_decode/reg_file_reg[0][15]  is always disabled
WARNING: [Synth 8-264] enable of latch \id_stage/reg_file_decode/reg_file_reg[0][16]  is always disabled
WARNING: [Synth 8-264] enable of latch \id_stage/reg_file_decode/reg_file_reg[0][16]  is always disabled
WARNING: [Synth 8-264] enable of latch \id_stage/reg_file_decode/reg_file_reg[0][17]  is always disabled
WARNING: [Synth 8-264] enable of latch \id_stage/reg_file_decode/reg_file_reg[0][17]  is always disabled
WARNING: [Synth 8-264] enable of latch \id_stage/reg_file_decode/reg_file_reg[0][18]  is always disabled
WARNING: [Synth 8-264] enable of latch \id_stage/reg_file_decode/reg_file_reg[0][18]  is always disabled
WARNING: [Synth 8-264] enable of latch \id_stage/reg_file_decode/reg_file_reg[0][19]  is always disabled
WARNING: [Synth 8-264] enable of latch \id_stage/reg_file_decode/reg_file_reg[0][19]  is always disabled
WARNING: [Synth 8-264] enable of latch \id_stage/reg_file_decode/reg_file_reg[0][20]  is always disabled
WARNING: [Synth 8-264] enable of latch \id_stage/reg_file_decode/reg_file_reg[0][20]  is always disabled
WARNING: [Synth 8-264] enable of latch \id_stage/reg_file_decode/reg_file_reg[0][21]  is always disabled
WARNING: [Synth 8-264] enable of latch \id_stage/reg_file_decode/reg_file_reg[0][21]  is always disabled
WARNING: [Synth 8-264] enable of latch \id_stage/reg_file_decode/reg_file_reg[0][22]  is always disabled
WARNING: [Synth 8-264] enable of latch \id_stage/reg_file_decode/reg_file_reg[0][22]  is always disabled
WARNING: [Synth 8-264] enable of latch \id_stage/reg_file_decode/reg_file_reg[0][23]  is always disabled
WARNING: [Synth 8-264] enable of latch \id_stage/reg_file_decode/reg_file_reg[0][23]  is always disabled
WARNING: [Synth 8-264] enable of latch \id_stage/reg_file_decode/reg_file_reg[0][24]  is always disabled
WARNING: [Synth 8-264] enable of latch \id_stage/reg_file_decode/reg_file_reg[0][24]  is always disabled
WARNING: [Synth 8-264] enable of latch \id_stage/reg_file_decode/reg_file_reg[0][25]  is always disabled
WARNING: [Synth 8-264] enable of latch \id_stage/reg_file_decode/reg_file_reg[0][25]  is always disabled
WARNING: [Synth 8-264] enable of latch \id_stage/reg_file_decode/reg_file_reg[0][26]  is always disabled
WARNING: [Synth 8-264] enable of latch \id_stage/reg_file_decode/reg_file_reg[0][26]  is always disabled
WARNING: [Synth 8-264] enable of latch \id_stage/reg_file_decode/reg_file_reg[0][27]  is always disabled
WARNING: [Synth 8-264] enable of latch \id_stage/reg_file_decode/reg_file_reg[0][27]  is always disabled
WARNING: [Synth 8-264] enable of latch \id_stage/reg_file_decode/reg_file_reg[0][28]  is always disabled
WARNING: [Synth 8-264] enable of latch \id_stage/reg_file_decode/reg_file_reg[0][28]  is always disabled
WARNING: [Synth 8-264] enable of latch \id_stage/reg_file_decode/reg_file_reg[0][29]  is always disabled
WARNING: [Synth 8-264] enable of latch \id_stage/reg_file_decode/reg_file_reg[0][29]  is always disabled
WARNING: [Synth 8-264] enable of latch \id_stage/reg_file_decode/reg_file_reg[0][30]  is always disabled
WARNING: [Synth 8-264] enable of latch \id_stage/reg_file_decode/reg_file_reg[0][30]  is always disabled
WARNING: [Synth 8-264] enable of latch \id_stage/reg_file_decode/reg_file_reg[0][31]  is always disabled
WARNING: [Synth 8-264] enable of latch \id_stage/reg_file_decode/reg_file_reg[0][31]  is always disabled
WARNING: [Synth 8-264] enable of latch \id_stage/reg_file_decode/reg_file_reg[0][31]  is always disabled
WARNING: [Synth 8-264] enable of latch \id_stage/reg_file_decode/reg_file_reg[0][31]  is always disabled
WARNING: [Synth 8-264] enable of latch \id_stage/reg_file_decode/reg_file_reg[0][30]  is always disabled
WARNING: [Synth 8-264] enable of latch \id_stage/reg_file_decode/reg_file_reg[0][30]  is always disabled
WARNING: [Synth 8-264] enable of latch \id_stage/reg_file_decode/reg_file_reg[0][29]  is always disabled
WARNING: [Synth 8-264] enable of latch \id_stage/reg_file_decode/reg_file_reg[0][29]  is always disabled
WARNING: [Synth 8-264] enable of latch \id_stage/reg_file_decode/reg_file_reg[0][27]  is always disabled
WARNING: [Synth 8-264] enable of latch \id_stage/reg_file_decode/reg_file_reg[0][27]  is always disabled
WARNING: [Synth 8-264] enable of latch \id_stage/reg_file_decode/reg_file_reg[0][28]  is always disabled
WARNING: [Synth 8-264] enable of latch \id_stage/reg_file_decode/reg_file_reg[0][28]  is always disabled
WARNING: [Synth 8-264] enable of latch \id_stage/reg_file_decode/reg_file_reg[0][26]  is always disabled
WARNING: [Synth 8-264] enable of latch \id_stage/reg_file_decode/reg_file_reg[0][26]  is always disabled
WARNING: [Synth 8-264] enable of latch \id_stage/reg_file_decode/reg_file_reg[0][25]  is always disabled
WARNING: [Synth 8-264] enable of latch \id_stage/reg_file_decode/reg_file_reg[0][25]  is always disabled
WARNING: [Synth 8-264] enable of latch \id_stage/reg_file_decode/reg_file_reg[0][24]  is always disabled
WARNING: [Synth 8-264] enable of latch \id_stage/reg_file_decode/reg_file_reg[0][24]  is always disabled
WARNING: [Synth 8-264] enable of latch \id_stage/reg_file_decode/reg_file_reg[0][23]  is always disabled
WARNING: [Synth 8-264] enable of latch \id_stage/reg_file_decode/reg_file_reg[0][23]  is always disabled
WARNING: [Synth 8-264] enable of latch \id_stage/reg_file_decode/reg_file_reg[0][22]  is always disabled
WARNING: [Synth 8-264] enable of latch \id_stage/reg_file_decode/reg_file_reg[0][22]  is always disabled
WARNING: [Synth 8-264] enable of latch \id_stage/reg_file_decode/reg_file_reg[0][21]  is always disabled
WARNING: [Synth 8-264] enable of latch \id_stage/reg_file_decode/reg_file_reg[0][21]  is always disabled
WARNING: [Synth 8-264] enable of latch \id_stage/reg_file_decode/reg_file_reg[0][20]  is always disabled
WARNING: [Synth 8-264] enable of latch \id_stage/reg_file_decode/reg_file_reg[0][20]  is always disabled
WARNING: [Synth 8-264] enable of latch \id_stage/reg_file_decode/reg_file_reg[0][19]  is always disabled
WARNING: [Synth 8-264] enable of latch \id_stage/reg_file_decode/reg_file_reg[0][19]  is always disabled
WARNING: [Synth 8-264] enable of latch \id_stage/reg_file_decode/reg_file_reg[0][18]  is always disabled
WARNING: [Synth 8-264] enable of latch \id_stage/reg_file_decode/reg_file_reg[0][18]  is always disabled
WARNING: [Synth 8-264] enable of latch \id_stage/reg_file_decode/reg_file_reg[0][17]  is always disabled
WARNING: [Synth 8-264] enable of latch \id_stage/reg_file_decode/reg_file_reg[0][17]  is always disabled
WARNING: [Synth 8-264] enable of latch \id_stage/reg_file_decode/reg_file_reg[0][16]  is always disabled
WARNING: [Synth 8-264] enable of latch \id_stage/reg_file_decode/reg_file_reg[0][16]  is always disabled
WARNING: [Synth 8-264] enable of latch \id_stage/reg_file_decode/reg_file_reg[0][15]  is always disabled
WARNING: [Synth 8-264] enable of latch \id_stage/reg_file_decode/reg_file_reg[0][15]  is always disabled
WARNING: [Synth 8-264] enable of latch \id_stage/reg_file_decode/reg_file_reg[0][14]  is always disabled
WARNING: [Synth 8-264] enable of latch \id_stage/reg_file_decode/reg_file_reg[0][14]  is always disabled
INFO: [Common 17-14] Message 'Synth 8-264' appears 100 times and further instances of the messages will be disabled. Use the Tcl command set_msg_config to change the current settings.
WARNING: [Synth 8-3332] Sequential element (exe_stage/alu_exe/multiply_result_reg[47]) is unused and will be removed from module top.
WARNING: [Synth 8-3332] Sequential element (exe_stage/alu_exe/multiply_result_reg[46]) is unused and will be removed from module top.
WARNING: [Synth 8-3332] Sequential element (exe_stage/alu_exe/multiply_result_reg[45]) is unused and will be removed from module top.
WARNING: [Synth 8-3332] Sequential element (exe_stage/alu_exe/multiply_result_reg[44]) is unused and will be removed from module top.
WARNING: [Synth 8-3332] Sequential element (exe_stage/alu_exe/multiply_result_reg[43]) is unused and will be removed from module top.
WARNING: [Synth 8-3332] Sequential element (exe_stage/alu_exe/multiply_result_reg[42]) is unused and will be removed from module top.
WARNING: [Synth 8-3332] Sequential element (exe_stage/alu_exe/multiply_result_reg[41]) is unused and will be removed from module top.
WARNING: [Synth 8-3332] Sequential element (exe_stage/alu_exe/multiply_result_reg[40]) is unused and will be removed from module top.
WARNING: [Synth 8-3332] Sequential element (exe_stage/alu_exe/multiply_result_reg[39]) is unused and will be removed from module top.
WARNING: [Synth 8-3332] Sequential element (exe_stage/alu_exe/multiply_result_reg[38]) is unused and will be removed from module top.
WARNING: [Synth 8-3332] Sequential element (exe_stage/alu_exe/multiply_result_reg[37]) is unused and will be removed from module top.
WARNING: [Synth 8-3332] Sequential element (exe_stage/alu_exe/multiply_result_reg[36]) is unused and will be removed from module top.
WARNING: [Synth 8-3332] Sequential element (exe_stage/alu_exe/multiply_result_reg[35]) is unused and will be removed from module top.
WARNING: [Synth 8-3332] Sequential element (exe_stage/alu_exe/multiply_result_reg[34]) is unused and will be removed from module top.
WARNING: [Synth 8-3332] Sequential element (exe_stage/alu_exe/multiply_result_reg[33]) is unused and will be removed from module top.
WARNING: [Synth 8-3332] Sequential element (exe_stage/alu_exe/multiply_result_reg[32]) is unused and will be removed from module top.
WARNING: [Synth 8-3332] Sequential element (exe_stage/alu_exe/multiply_result_reg[31]) is unused and will be removed from module top.
WARNING: [Synth 8-3332] Sequential element (exe_stage/alu_exe/multiply_result_reg[30]) is unused and will be removed from module top.
WARNING: [Synth 8-3332] Sequential element (exe_stage/alu_exe/multiply_result_reg[29]) is unused and will be removed from module top.
WARNING: [Synth 8-3332] Sequential element (exe_stage/alu_exe/multiply_result_reg[28]) is unused and will be removed from module top.
WARNING: [Synth 8-3332] Sequential element (exe_stage/alu_exe/multiply_result_reg[27]) is unused and will be removed from module top.
WARNING: [Synth 8-3332] Sequential element (exe_stage/alu_exe/multiply_result_reg[26]) is unused and will be removed from module top.
WARNING: [Synth 8-3332] Sequential element (exe_stage/alu_exe/multiply_result_reg[25]) is unused and will be removed from module top.
WARNING: [Synth 8-3332] Sequential element (exe_stage/alu_exe/multiply_result_reg[24]) is unused and will be removed from module top.
WARNING: [Synth 8-3332] Sequential element (exe_stage/alu_exe/multiply_result_reg[23]) is unused and will be removed from module top.
WARNING: [Synth 8-3332] Sequential element (exe_stage/alu_exe/multiply_result_reg[22]) is unused and will be removed from module top.
WARNING: [Synth 8-3332] Sequential element (exe_stage/alu_exe/multiply_result_reg[21]) is unused and will be removed from module top.
WARNING: [Synth 8-3332] Sequential element (exe_stage/alu_exe/multiply_result_reg[20]) is unused and will be removed from module top.
WARNING: [Synth 8-3332] Sequential element (exe_stage/alu_exe/multiply_result_reg[19]) is unused and will be removed from module top.
WARNING: [Synth 8-3332] Sequential element (exe_stage/alu_exe/multiply_result_reg[18]) is unused and will be removed from module top.
WARNING: [Synth 8-3332] Sequential element (exe_stage/alu_exe/multiply_result_reg[17]) is unused and will be removed from module top.
WARNING: [Synth 8-3332] Sequential element (exe_stage/alu_exe/multiply_result_reg[16]) is unused and will be removed from module top.
WARNING: [Synth 8-3332] Sequential element (exe_stage/alu_exe/multiply_result_reg[15]) is unused and will be removed from module top.
WARNING: [Synth 8-3332] Sequential element (exe_stage/alu_exe/multiply_result_reg[47]__0) is unused and will be removed from module top.
WARNING: [Synth 8-3332] Sequential element (exe_stage/alu_exe/multiply_result_reg[46]__0) is unused and will be removed from module top.
WARNING: [Synth 8-3332] Sequential element (exe_stage/alu_exe/multiply_result_reg[45]__0) is unused and will be removed from module top.
WARNING: [Synth 8-3332] Sequential element (exe_stage/alu_exe/multiply_result_reg[44]__0) is unused and will be removed from module top.
WARNING: [Synth 8-3332] Sequential element (exe_stage/alu_exe/multiply_result_reg[43]__0) is unused and will be removed from module top.
WARNING: [Synth 8-3332] Sequential element (exe_stage/alu_exe/multiply_result_reg[42]__0) is unused and will be removed from module top.
WARNING: [Synth 8-3332] Sequential element (exe_stage/alu_exe/multiply_result_reg[41]__0) is unused and will be removed from module top.
WARNING: [Synth 8-3332] Sequential element (exe_stage/alu_exe/multiply_result_reg[40]__0) is unused and will be removed from module top.
WARNING: [Synth 8-3332] Sequential element (exe_stage/alu_exe/multiply_result_reg[39]__0) is unused and will be removed from module top.
WARNING: [Synth 8-3332] Sequential element (exe_stage/alu_exe/multiply_result_reg[38]__0) is unused and will be removed from module top.
WARNING: [Synth 8-3332] Sequential element (exe_stage/alu_exe/multiply_result_reg[37]__0) is unused and will be removed from module top.
WARNING: [Synth 8-3332] Sequential element (exe_stage/alu_exe/multiply_result_reg[36]__0) is unused and will be removed from module top.
WARNING: [Synth 8-3332] Sequential element (exe_stage/alu_exe/multiply_result_reg[35]__0) is unused and will be removed from module top.
WARNING: [Synth 8-3332] Sequential element (exe_stage/alu_exe/multiply_result_reg[34]__0) is unused and will be removed from module top.
WARNING: [Synth 8-3332] Sequential element (exe_stage/alu_exe/multiply_result_reg[33]__0) is unused and will be removed from module top.
WARNING: [Synth 8-3332] Sequential element (exe_stage/alu_exe/multiply_result_reg[32]__0) is unused and will be removed from module top.
WARNING: [Synth 8-3332] Sequential element (exe_stage/alu_exe/multiply_result_reg[31]__0) is unused and will be removed from module top.
WARNING: [Synth 8-3332] Sequential element (exe_stage/alu_exe/multiply_result_reg[30]__0) is unused and will be removed from module top.
WARNING: [Synth 8-3332] Sequential element (exe_stage/alu_exe/multiply_result_reg[29]__0) is unused and will be removed from module top.
WARNING: [Synth 8-3332] Sequential element (exe_stage/alu_exe/multiply_result_reg[28]__0) is unused and will be removed from module top.
WARNING: [Synth 8-3332] Sequential element (exe_stage/alu_exe/multiply_result_reg[27]__0) is unused and will be removed from module top.
WARNING: [Synth 8-3332] Sequential element (exe_stage/alu_exe/multiply_result_reg[26]__0) is unused and will be removed from module top.
WARNING: [Synth 8-3332] Sequential element (exe_stage/alu_exe/multiply_result_reg[25]__0) is unused and will be removed from module top.
WARNING: [Synth 8-3332] Sequential element (exe_stage/alu_exe/multiply_result_reg[24]__0) is unused and will be removed from module top.
WARNING: [Synth 8-3332] Sequential element (exe_stage/alu_exe/multiply_result_reg[23]__0) is unused and will be removed from module top.
WARNING: [Synth 8-3332] Sequential element (exe_stage/alu_exe/multiply_result_reg[22]__0) is unused and will be removed from module top.
WARNING: [Synth 8-3332] Sequential element (exe_stage/alu_exe/multiply_result_reg[21]__0) is unused and will be removed from module top.
WARNING: [Synth 8-3332] Sequential element (exe_stage/alu_exe/multiply_result_reg[20]__0) is unused and will be removed from module top.
WARNING: [Synth 8-3332] Sequential element (exe_stage/alu_exe/multiply_result_reg[19]__0) is unused and will be removed from module top.
WARNING: [Synth 8-3332] Sequential element (exe_stage/alu_exe/multiply_result_reg[18]__0) is unused and will be removed from module top.
WARNING: [Synth 8-3332] Sequential element (exe_stage/alu_exe/multiply_result_reg[17]__0) is unused and will be removed from module top.
---------------------------------------------------------------------------------
Finished Cross Boundary and Area Optimization : Time (s): cpu = 00:03:25 ; elapsed = 00:04:33 . Memory (MB): peak = 1545.488 ; gain = 679.141
---------------------------------------------------------------------------------
---------------------------------------------------------------------------------
Start ROM, RAM, DSP, Shift Register and Retiming Reporting
---------------------------------------------------------------------------------

DSP: Preliminary Mapping Report (see note below. The ' indicates corresponding REG is set)
+------------+------------------+--------+--------+--------+--------+--------+------+------+------+------+-------+------+------+
|Module Name | DSP Mapping      | A Size | B Size | C Size | D Size | P Size | AREG | BREG | CREG | DREG | ADREG | MREG | PREG | 
+------------+------------------+--------+--------+--------+--------+--------+------+------+------+------+-------+------+------+
|top         | A2*B2            | 18     | 16     | -      | -      | 48     | 1    | 1    | -    | -    | -     | 0    | 0    | 
|top         | (PCIN>>17)+A2*B2 | 16     | 16     | -      | -      | 48     | 1    | 1    | -    | -    | -     | 0    | 1    | 
|top         | A2*B2            | 18     | 18     | -      | -      | 48     | 1    | 1    | -    | -    | -     | 0    | 0    | 
|top         | (PCIN>>17)+A2*B2 | 18     | 16     | -      | -      | 48     | 1    | 1    | -    | -    | -     | 0    | 1    | 
+------------+------------------+--------+--------+--------+--------+--------+------+------+------+------+-------+------+------+

Note: The table above is a preliminary report that shows the DSPs inferred at the current stage of the synthesis flow. Some DSP may be reimplemented as non DSP primitives later in the synthesis flow. Multiple instantiated DSPs are reported only once.
---------------------------------------------------------------------------------
Finished ROM, RAM, DSP, Shift Register and Retiming Reporting
---------------------------------------------------------------------------------
---------------------------------------------------------------------------------
Start Applying XDC Timing Constraints
---------------------------------------------------------------------------------
---------------------------------------------------------------------------------
Finished Applying XDC Timing Constraints : Time (s): cpu = 00:03:40 ; elapsed = 00:04:53 . Memory (MB): peak = 1545.488 ; gain = 679.141
---------------------------------------------------------------------------------
---------------------------------------------------------------------------------
Start Timing Optimization
---------------------------------------------------------------------------------
---------------------------------------------------------------------------------
Finished Timing Optimization : Time (s): cpu = 00:03:41 ; elapsed = 00:04:54 . Memory (MB): peak = 1545.488 ; gain = 679.141
---------------------------------------------------------------------------------
---------------------------------------------------------------------------------
Start Technology Mapping
---------------------------------------------------------------------------------
WARNING: [Synth 8-3332] Sequential element (id_stage/reg_file_decode/reg_file_reg[0][31]) is unused and will be removed from module top.
WARNING: [Synth 8-3332] Sequential element (id_stage/reg_file_decode/reg_file_reg[0][30]) is unused and will be removed from module top.
WARNING: [Synth 8-3332] Sequential element (id_stage/reg_file_decode/reg_file_reg[0][29]) is unused and will be removed from module top.
WARNING: [Synth 8-3332] Sequential element (id_stage/reg_file_decode/reg_file_reg[0][28]) is unused and will be removed from module top.
WARNING: [Synth 8-3332] Sequential element (id_stage/reg_file_decode/reg_file_reg[0][27]) is unused and will be removed from module top.
WARNING: [Synth 8-3332] Sequential element (id_stage/reg_file_decode/reg_file_reg[0][26]) is unused and will be removed from module top.
WARNING: [Synth 8-3332] Sequential element (id_stage/reg_file_decode/reg_file_reg[0][25]) is unused and will be removed from module top.
WARNING: [Synth 8-3332] Sequential element (id_stage/reg_file_decode/reg_file_reg[0][24]) is unused and will be removed from module top.
WARNING: [Synth 8-3332] Sequential element (id_stage/reg_file_decode/reg_file_reg[0][23]) is unused and will be removed from module top.
WARNING: [Synth 8-3332] Sequential element (id_stage/reg_file_decode/reg_file_reg[0][22]) is unused and will be removed from module top.
WARNING: [Synth 8-3332] Sequential element (id_stage/reg_file_decode/reg_file_reg[0][21]) is unused and will be removed from module top.
WARNING: [Synth 8-3332] Sequential element (id_stage/reg_file_decode/reg_file_reg[0][20]) is unused and will be removed from module top.
WARNING: [Synth 8-3332] Sequential element (id_stage/reg_file_decode/reg_file_reg[0][19]) is unused and will be removed from module top.
WARNING: [Synth 8-3332] Sequential element (id_stage/reg_file_decode/reg_file_reg[0][18]) is unused and will be removed from module top.
WARNING: [Synth 8-3332] Sequential element (id_stage/reg_file_decode/reg_file_reg[0][17]) is unused and will be removed from module top.
WARNING: [Synth 8-3332] Sequential element (id_stage/reg_file_decode/reg_file_reg[0][16]) is unused and will be removed from module top.
WARNING: [Synth 8-3332] Sequential element (id_stage/reg_file_decode/reg_file_reg[0][15]) is unused and will be removed from module top.
WARNING: [Synth 8-3332] Sequential element (id_stage/reg_file_decode/reg_file_reg[0][14]) is unused and will be removed from module top.
WARNING: [Synth 8-3332] Sequential element (id_stage/reg_file_decode/reg_file_reg[0][13]) is unused and will be removed from module top.
WARNING: [Synth 8-3332] Sequential element (id_stage/reg_file_decode/reg_file_reg[0][12]) is unused and will be removed from module top.
WARNING: [Synth 8-3332] Sequential element (id_stage/reg_file_decode/reg_file_reg[0][11]) is unused and will be removed from module top.
WARNING: [Synth 8-3332] Sequential element (id_stage/reg_file_decode/reg_file_reg[0][10]) is unused and will be removed from module top.
WARNING: [Synth 8-3332] Sequential element (id_stage/reg_file_decode/reg_file_reg[0][9]) is unused and will be removed from module top.
WARNING: [Synth 8-3332] Sequential element (id_stage/reg_file_decode/reg_file_reg[0][8]) is unused and will be removed from module top.
WARNING: [Synth 8-3332] Sequential element (id_stage/reg_file_decode/reg_file_reg[0][7]) is unused and will be removed from module top.
WARNING: [Synth 8-3332] Sequential element (id_stage/reg_file_decode/reg_file_reg[0][6]) is unused and will be removed from module top.
WARNING: [Synth 8-3332] Sequential element (id_stage/reg_file_decode/reg_file_reg[0][5]) is unused and will be removed from module top.
WARNING: [Synth 8-3332] Sequential element (id_stage/reg_file_decode/reg_file_reg[0][4]) is unused and will be removed from module top.
WARNING: [Synth 8-3332] Sequential element (id_stage/reg_file_decode/reg_file_reg[0][3]) is unused and will be removed from module top.
WARNING: [Synth 8-3332] Sequential element (id_stage/reg_file_decode/reg_file_reg[0][2]) is unused and will be removed from module top.
WARNING: [Synth 8-3332] Sequential element (id_stage/reg_file_decode/reg_file_reg[0][1]) is unused and will be removed from module top.
WARNING: [Synth 8-3332] Sequential element (id_stage/reg_file_decode/reg_file_reg[0][0]) is unused and will be removed from module top.
---------------------------------------------------------------------------------
Finished Technology Mapping : Time (s): cpu = 00:03:42 ; elapsed = 00:04:56 . Memory (MB): peak = 1545.488 ; gain = 679.141
---------------------------------------------------------------------------------
---------------------------------------------------------------------------------
Start IO Insertion
---------------------------------------------------------------------------------
---------------------------------------------------------------------------------
Start Flattening Before IO Insertion
---------------------------------------------------------------------------------
---------------------------------------------------------------------------------
Finished Flattening Before IO Insertion
---------------------------------------------------------------------------------
---------------------------------------------------------------------------------
Start Final Netlist Cleanup
---------------------------------------------------------------------------------
---------------------------------------------------------------------------------
Finished Final Netlist Cleanup
---------------------------------------------------------------------------------
---------------------------------------------------------------------------------
Finished IO Insertion : Time (s): cpu = 00:03:51 ; elapsed = 00:05:07 . Memory (MB): peak = 1545.488 ; gain = 679.141
---------------------------------------------------------------------------------
---------------------------------------------------------------------------------
Start Renaming Generated Instances
---------------------------------------------------------------------------------
---------------------------------------------------------------------------------
Finished Renaming Generated Instances : Time (s): cpu = 00:03:51 ; elapsed = 00:05:07 . Memory (MB): peak = 1545.488 ; gain = 679.141
---------------------------------------------------------------------------------
---------------------------------------------------------------------------------
Start Rebuilding User Hierarchy
---------------------------------------------------------------------------------
---------------------------------------------------------------------------------
Finished Rebuilding User Hierarchy : Time (s): cpu = 00:03:51 ; elapsed = 00:05:07 . Memory (MB): peak = 1545.488 ; gain = 679.141
---------------------------------------------------------------------------------
---------------------------------------------------------------------------------
Start Renaming Generated Ports
---------------------------------------------------------------------------------
---------------------------------------------------------------------------------
Finished Renaming Generated Ports : Time (s): cpu = 00:03:51 ; elapsed = 00:05:07 . Memory (MB): peak = 1545.488 ; gain = 679.141
---------------------------------------------------------------------------------
---------------------------------------------------------------------------------
Start Handling Custom Attributes
---------------------------------------------------------------------------------
---------------------------------------------------------------------------------
Finished Handling Custom Attributes : Time (s): cpu = 00:03:51 ; elapsed = 00:05:07 . Memory (MB): peak = 1545.488 ; gain = 679.141
---------------------------------------------------------------------------------
---------------------------------------------------------------------------------
Start Renaming Generated Nets
---------------------------------------------------------------------------------
---------------------------------------------------------------------------------
Finished Renaming Generated Nets : Time (s): cpu = 00:03:51 ; elapsed = 00:05:07 . Memory (MB): peak = 1545.488 ; gain = 679.141
---------------------------------------------------------------------------------
---------------------------------------------------------------------------------
Start Writing Synthesis Report
---------------------------------------------------------------------------------

DSP Final Report (the ' indicates corresponding REG is set)
+------------+-------------------+--------+--------+--------+--------+--------+------+------+------+------+-------+------+------+
|Module Name | DSP Mapping       | A Size | B Size | C Size | D Size | P Size | AREG | BREG | CREG | DREG | ADREG | MREG | PREG | 
+------------+-------------------+--------+--------+--------+--------+--------+------+------+------+------+-------+------+------+
|top         | (A'*B')'          | 17     | 15     | -      | -      | 48     | 1    | 1    | -    | -    | -     | 0    | 1    | 
|top         | A'*B'             | 17     | 17     | -      | -      | 48     | 1    | 1    | -    | -    | -     | 0    | 0    | 
|top         | (PCIN>>17+A'*B')' | 17     | 15     | -      | -      | 48     | 1    | 1    | -    | -    | -     | 0    | 1    | 
+------------+-------------------+--------+--------+--------+--------+--------+------+------+------+------+-------+------+------+


Report BlackBoxes: 
+------+-------------------+----------+
|      |BlackBox name      |Instances |
+------+-------------------+----------+
|1     |data_memory        |         1|
|2     |instruction_memory |         1|
+------+-------------------+----------+

Report Cell Usage: 
+------+------------------------+------+
|      |Cell                    |Count |
+------+------------------------+------+
|1     |data_memory_bbox        |     1|
|2     |instruction_memory_bbox |     1|
|3     |BUFG                    |    12|
|4     |CARRY4                  |    42|
|5     |DSP48E1                 |     3|
|7     |LUT1                    |     8|
|8     |LUT2                    |   124|
|9     |LUT3                    |     7|
|10    |LUT4                    |   163|
|11    |LUT5                    |   143|
|12    |LUT6                    |   663|
|13    |MUXF7                   |   256|
|14    |MUXF8                   |   126|
|15    |FDCE                    |   131|
|16    |FDRE                    |   158|
|17    |LD                      |  1013|
|18    |LDC                     |     5|
|19    |IBUF                    |    18|
|20    |OBUF                    |     8|
|21    |OBUFT                   |     4|
+------+------------------------+------+
---------------------------------------------------------------------------------
Finished Writing Synthesis Report : Time (s): cpu = 00:03:51 ; elapsed = 00:05:07 . Memory (MB): peak = 1545.488 ; gain = 679.141
---------------------------------------------------------------------------------
Synthesis finished with 0 errors, 0 critical warnings and 666 warnings.
Synthesis Optimization Runtime : Time (s): cpu = 00:03:36 ; elapsed = 00:05:01 . Memory (MB): peak = 1545.488 ; gain = 582.777
Synthesis Optimization Complete : Time (s): cpu = 00:03:51 ; elapsed = 00:05:07 . Memory (MB): peak = 1545.488 ; gain = 679.141
INFO: [Project 1-571] Translating synthesized netlist
Netlist sorting complete. Time (s): cpu = 00:00:00 ; elapsed = 00:00:00.072 . Memory (MB): peak = 1545.488 ; gain = 0.000
INFO: [Netlist 29-17] Analyzing 1445 Unisim elements for replacement
INFO: [Netlist 29-28] Unisim Transformation completed in 0 CPU seconds
INFO: [Project 1-570] Preparing netlist for logic optimization
INFO: [Opt 31-138] Pushed 0 inverter(s) to 0 load pin(s).
Netlist sorting complete. Time (s): cpu = 00:00:00 ; elapsed = 00:00:00.002 . Memory (MB): peak = 1545.488 ; gain = 0.000
INFO: [Project 1-111] Unisim Transformation Summary:
  A total of 1018 instances were transformed.
  LD => LDCE: 1013 instances
  LDC => LDCE: 5 instances

Synth Design complete | Checksum: eb3b67af
INFO: [Common 17-83] Releasing license: Synthesis
67 Infos, 314 Warnings, 0 Critical Warnings and 0 Errors encountered.
synth_design completed successfully
synth_design: Time (s): cpu = 00:03:59 ; elapsed = 00:05:36 . Memory (MB): peak = 1545.488 ; gain = 1075.676
INFO: [Common 17-1381] The checkpoint 'C:/Users/Nivriti/Desktop/University/Semester 4/Advanced logic design/work_please/work_please.runs/synth_1/top.dcp' has been generated.
INFO: [runtcl-4] Executing : report_utilization -file top_utilization_synth.rpt -pb top_utilization_synth.pb
INFO: [Common 17-206] Exiting Vivado at Wed Aug 14 19:37:03 2024...
